<?xml version="1.0" encoding="UTF-8"?>
<!-- Generated by org.testng.reporters.JUnitReportReporter -->
<testsuite skipped="0" hostname="PRO-LP114" name="com.selenium.automation.BasicStartMozilla" tests="1" failures="0" timestamp="28 Jul 2019 18:16:34 GMT" time="3.693" errors="0">
  <testcase name="launchSite" time="3.693" classname="com.selenium.automation.BasicStartMozilla"/>
</testsuite> <!-- com.selenium.automation.BasicStartMozilla -->
