<?xml version="1.0" encoding="UTF-8"?>
<!-- Generated by org.testng.reporters.JUnitReportReporter -->
<testsuite skipped="0" hostname="PRO-LP114" name="com.selenium.automation.OptionsLearning" tests="1" failures="0" timestamp="28 Jul 2019 19:21:07 GMT" time="7.372" errors="0">
  <testcase name="runOptions" time="7.372" classname="com.selenium.automation.OptionsLearning"/>
</testsuite> <!-- com.selenium.automation.OptionsLearning -->
