<?xml version="1.0" encoding="UTF-8"?>
<!-- Generated by org.testng.reporters.JUnitReportReporter -->
<testsuite skipped="0" hostname="PRO-LP114" name="com.selenium.automation.ChromeOptionsLearning" tests="1" failures="0" timestamp="29 Jul 2019 03:01:51 GMT" time="5.736" errors="0">
  <testcase name="runChromeOptions" time="5.736" classname="com.selenium.automation.ChromeOptionsLearning"/>
</testsuite> <!-- com.selenium.automation.ChromeOptionsLearning -->
